<?xml version="1.0" encoding="UTF-8"?>
<!-- Generated by org.testng.reporters.JUnitXMLReporter -->
<testsuite hostname="ALIPLR2726" ignored="0" name="Test" tests="4" failures="0" timestamp="03 Mar 2020 17:22:32 GMT" time="0.043" errors="0">
  <testcase name="nativeappandroid" time="0.005" classname="accion.ando.AppiumTest"/>
  <testcase name="nativeappiOS" time="0.0" classname="accion.ando.AppiumTest"/>
  <testcase name="browserautomation" time="0.0" classname="accion.ando.SeleniumTest"/>
  <testcase name="browserautomation2" time="0.001" classname="accion.ando.SeleniumTest"/>
</testsuite> <!-- Test -->
