<?xml version="1.0" encoding="UTF-8"?>
<testng-results skipped="0" failed="0" ignored="0" total="4" passed="4">
  <reporter-output>
  </reporter-output>
  <suite name="Suite" duration-ms="43" started-at="2020-03-03T17:22:32Z" finished-at="2020-03-03T17:22:32Z">
    <groups>
    </groups>
    <test name="Test" duration-ms="43" started-at="2020-03-03T17:22:32Z" finished-at="2020-03-03T17:22:32Z">
      <class name="accion.ando.AppiumTest">
        <test-method status="PASS" signature="nativeappandroid()[pri:0, instance:accion.ando.AppiumTest@4b2bac3f]" name="nativeappandroid" duration-ms="5" started-at="2020-03-03T17:22:32Z" finished-at="2020-03-03T17:22:32Z">
          <reporter-output>
          </reporter-output>
        </test-method> <!-- nativeappandroid -->
        <test-method status="PASS" signature="nativeappiOS()[pri:0, instance:accion.ando.AppiumTest@4b2bac3f]" name="nativeappiOS" duration-ms="0" started-at="2020-03-03T17:22:32Z" finished-at="2020-03-03T17:22:32Z">
          <reporter-output>
          </reporter-output>
        </test-method> <!-- nativeappiOS -->
      </class> <!-- accion.ando.AppiumTest -->
      <class name="accion.ando.SeleniumTest">
        <test-method status="PASS" signature="browserautomation()[pri:0, instance:accion.ando.SeleniumTest@4e08711f]" name="browserautomation" duration-ms="0" started-at="2020-03-03T17:22:32Z" finished-at="2020-03-03T17:22:32Z">
          <reporter-output>
          </reporter-output>
        </test-method> <!-- browserautomation -->
        <test-method status="PASS" signature="browserautomation2()[pri:0, instance:accion.ando.SeleniumTest@4e08711f]" name="browserautomation2" duration-ms="1" started-at="2020-03-03T17:22:32Z" finished-at="2020-03-03T17:22:32Z">
          <reporter-output>
          </reporter-output>
        </test-method> <!-- browserautomation2 -->
      </class> <!-- accion.ando.SeleniumTest -->
    </test> <!-- Test -->
  </suite> <!-- Suite -->
</testng-results>
